[15:58:41] [main/INFO]: Setting user: Player765
[15:58:45] [Client thread/INFO]: LWJGL Version: 2.9.1
[15:59:09] [Client thread/INFO]: Reloading ResourceManager: Default, FMLFileResourcePack:Forge Mod Loader, FMLFileResourcePack:Minecraft Forge, FMLFileResourcePack:Ura Mod
[15:59:11] [Sound Library Loader/INFO]: Sound engine started
[15:59:15] [Client thread/INFO]: Created: 16x16 textures/blocks-atlas
[15:59:15] [Client thread/INFO]: Created: 16x16 textures/items-atlas
[15:59:15] [Client thread/INFO]: Reloading ResourceManager: Default, FMLFileResourcePack:Forge Mod Loader, FMLFileResourcePack:Minecraft Forge, FMLFileResourcePack:Ura Mod
[15:59:17] [Client thread/INFO]: Created: 512x512 textures/blocks-atlas
[15:59:17] [Client thread/INFO]: Created: 512x256 textures/items-atlas
[15:59:18] [Sound Library Loader/INFO]: Sound engine started
[15:59:23] [Server thread/INFO]: Starting integrated minecraft server version 1.7.10
[15:59:23] [Server thread/INFO]: Generating keypair
[15:59:24] [Server thread/INFO]: Preparing start region for level 0
[15:59:25] [Server thread/INFO]: Preparing spawn area: 35%
[15:59:25] [Server thread/INFO]: Changing view distance to 6, from 10
[15:59:27] [Server thread/INFO]: Player765[local:E:3ed8b873] logged in with entity id 367 at (163.80669812201103, 112.0, 272.3398238141591)
[15:59:27] [Server thread/INFO]: Player765 joined the game
[15:59:29] [Client thread/INFO]: [CHAT] lol, it works
[15:59:30] [pool-2-thread-1/WARN]: Couldn't look up profile properties for com.mojang.authlib.GameProfile@1436b8d[id=5f90bf1f-575d-3542-89d7-731859eee6f2,name=Player765,properties={},legacy=false]
com.mojang.authlib.exceptions.AuthenticationUnavailableException: Cannot contact authentication server
	at com.mojang.authlib.yggdrasil.YggdrasilAuthenticationService.makeRequest(YggdrasilAuthenticationService.java:71) ~[YggdrasilAuthenticationService.class:?]
	at com.mojang.authlib.yggdrasil.YggdrasilMinecraftSessionService.fillGameProfile(YggdrasilMinecraftSessionService.java:158) [YggdrasilMinecraftSessionService.class:?]
	at com.mojang.authlib.yggdrasil.YggdrasilMinecraftSessionService$1.load(YggdrasilMinecraftSessionService.java:53) [YggdrasilMinecraftSessionService$1.class:?]
	at com.mojang.authlib.yggdrasil.YggdrasilMinecraftSessionService$1.load(YggdrasilMinecraftSessionService.java:50) [YggdrasilMinecraftSessionService$1.class:?]
	at com.google.common.cache.LocalCache$LoadingValueReference.loadFuture(LocalCache.java:3524) [guava-17.0.jar:?]
	at com.google.common.cache.LocalCache$Segment.loadSync(LocalCache.java:2317) [guava-17.0.jar:?]
	at com.google.common.cache.LocalCache$Segment.lockedGetOrLoad(LocalCache.java:2280) [guava-17.0.jar:?]
	at com.google.common.cache.LocalCache$Segment.get(LocalCache.java:2195) [guava-17.0.jar:?]
	at com.google.common.cache.LocalCache.get(LocalCache.java:3934) [guava-17.0.jar:?]
	at com.google.common.cache.LocalCache.getOrLoad(LocalCache.java:3938) [guava-17.0.jar:?]
	at com.google.common.cache.LocalCache$LocalLoadingCache.get(LocalCache.java:4821) [guava-17.0.jar:?]
	at com.google.common.cache.LocalCache$LocalLoadingCache.getUnchecked(LocalCache.java:4827) [guava-17.0.jar:?]
	at com.mojang.authlib.yggdrasil.YggdrasilMinecraftSessionService.fillProfileProperties(YggdrasilMinecraftSessionService.java:148) [YggdrasilMinecraftSessionService.class:?]
	at net.minecraft.client.resources.SkinManager$3.run(SkinManager.java:133) [SkinManager$3.class:?]
	at java.util.concurrent.Executors$RunnableAdapter.call(Executors.java:511) [?:1.8.0_261]
	at java.util.concurrent.FutureTask.run(FutureTask.java:266) [?:1.8.0_261]
	at java.util.concurrent.ThreadPoolExecutor.runWorker(ThreadPoolExecutor.java:1149) [?:1.8.0_261]
	at java.util.concurrent.ThreadPoolExecutor$Worker.run(ThreadPoolExecutor.java:624) [?:1.8.0_261]
	at java.lang.Thread.run(Thread.java:748) [?:1.8.0_261]
Caused by: java.net.UnknownHostException: sessionserver.mojang.com
	at java.net.AbstractPlainSocketImpl.connect(AbstractPlainSocketImpl.java:196) ~[?:1.8.0_261]
	at java.net.PlainSocketImpl.connect(PlainSocketImpl.java:162) ~[?:1.8.0_261]
	at java.net.SocksSocketImpl.connect(SocksSocketImpl.java:394) ~[?:1.8.0_261]
	at java.net.Socket.connect(Socket.java:606) ~[?:1.8.0_261]
	at sun.security.ssl.SSLSocketImpl.connect(SSLSocketImpl.java:286) ~[?:1.8.0_261]
	at sun.net.NetworkClient.doConnect(NetworkClient.java:175) ~[?:1.8.0_261]
	at sun.net.www.http.HttpClient.openServer(HttpClient.java:463) ~[?:1.8.0_261]
	at sun.net.www.http.HttpClient.openServer(HttpClient.java:558) ~[?:1.8.0_261]
	at sun.net.www.protocol.https.HttpsClient.<init>(HttpsClient.java:292) ~[?:1.8.0_261]
	at sun.net.www.protocol.https.HttpsClient.New(HttpsClient.java:395) ~[?:1.8.0_261]
	at sun.net.www.protocol.https.AbstractDelegateHttpsURLConnection.getNewHttpClient(AbstractDelegateHttpsURLConnection.java:191) ~[?:1.8.0_261]
	at sun.net.www.protocol.http.HttpURLConnection.plainConnect0(HttpURLConnection.java:1205) ~[?:1.8.0_261]
	at sun.net.www.protocol.http.HttpURLConnection$6.run(HttpURLConnection.java:1046) ~[?:1.8.0_261]
	at sun.net.www.protocol.http.HttpURLConnection$6.run(HttpURLConnection.java:1044) ~[?:1.8.0_261]
	at java.security.AccessController.doPrivileged(Native Method) ~[?:1.8.0_261]
	at java.security.AccessController.doPrivilegedWithCombiner(AccessController.java:784) ~[?:1.8.0_261]
	at sun.net.www.protocol.http.HttpURLConnection.plainConnect(HttpURLConnection.java:1043) ~[?:1.8.0_261]
	at sun.net.www.protocol.https.AbstractDelegateHttpsURLConnection.connect(AbstractDelegateHttpsURLConnection.java:177) ~[?:1.8.0_261]
	at sun.net.www.protocol.http.HttpURLConnection.getInputStream0(HttpURLConnection.java:1570) ~[?:1.8.0_261]
	at sun.net.www.protocol.http.HttpURLConnection.access$200(HttpURLConnection.java:92) ~[?:1.8.0_261]
	at sun.net.www.protocol.http.HttpURLConnection$9.run(HttpURLConnection.java:1490) ~[?:1.8.0_261]
	at sun.net.www.protocol.http.HttpURLConnection$9.run(HttpURLConnection.java:1488) ~[?:1.8.0_261]
	at java.security.AccessController.doPrivileged(Native Method) ~[?:1.8.0_261]
	at java.security.AccessController.doPrivilegedWithCombiner(AccessController.java:784) ~[?:1.8.0_261]
	at sun.net.www.protocol.http.HttpURLConnection.getInputStream(HttpURLConnection.java:1487) ~[?:1.8.0_261]
	at sun.net.www.protocol.https.HttpsURLConnectionImpl.getInputStream(HttpsURLConnectionImpl.java:268) ~[?:1.8.0_261]
	at com.mojang.authlib.HttpAuthenticationService.performGetRequest(HttpAuthenticationService.java:126) ~[HttpAuthenticationService.class:?]
	at com.mojang.authlib.yggdrasil.YggdrasilAuthenticationService.makeRequest(YggdrasilAuthenticationService.java:54) ~[YggdrasilAuthenticationService.class:?]
	... 18 more
[15:59:30] [Client thread/INFO]: [CHAT] lol, it works
[15:59:30] [Client thread/INFO]: [CHAT] lol, it works
[15:59:32] [Server thread/INFO]: Player765 has just earned the achievement [Taking Inventory]
[15:59:32] [Client thread/INFO]: [CHAT] Player765 has just earned the achievement [Taking Inventory]
[15:59:39] [Client thread/INFO]: [CHAT] lol, it works
[15:59:40] [Client thread/INFO]: [CHAT] lol, it works
[15:59:40] [Client thread/INFO]: [CHAT] lol, it works
[15:59:41] [Client thread/INFO]: [CHAT] lol, it works
[15:59:42] [Client thread/INFO]: [CHAT] lol, it works
[15:59:43] [Client thread/INFO]: Warning: Clientside chunk ticking took 692 ms
[15:59:43] [Client thread/INFO]: [CHAT] lol, it works
[15:59:43] [Client thread/INFO]: [CHAT] lol, it works
[15:59:55] [Client thread/INFO]: [CHAT] lol, it works
[16:00:04] [Client thread/INFO]: [CHAT] lol, it works
[16:00:04] [Client thread/INFO]: [CHAT] lol, it works
[16:00:05] [Client thread/INFO]: [CHAT] lol, it works
[16:00:05] [Client thread/INFO]: [CHAT] lol, it works
[16:00:05] [Client thread/INFO]: [CHAT] lol, it works
[16:00:05] [Client thread/INFO]: [CHAT] lol, it works
[16:00:06] [Client thread/INFO]: [CHAT] lol, it works
[16:00:06] [Client thread/INFO]: [CHAT] lol, it works
[16:00:06] [Client thread/INFO]: [CHAT] lol, it works
[16:00:06] [Client thread/INFO]: [CHAT] lol, it works
[16:00:07] [Client thread/INFO]: [CHAT] lol, it works
[16:00:07] [Client thread/INFO]: [CHAT] lol, it works
[16:00:07] [Client thread/INFO]: [CHAT] lol, it works
[16:00:07] [Client thread/INFO]: [CHAT] lol, it works
[16:00:08] [Client thread/INFO]: [CHAT] lol, it works
[16:00:11] [Client thread/INFO]: Warning: Clientside chunk ticking took 223 ms
[16:00:19] [Client thread/INFO]: Warning: Clientside chunk ticking took 456 ms
[16:00:30] [Client thread/INFO]: Warning: Clientside chunk ticking took 322 ms
[16:00:32] [Client thread/INFO]: Stopping!
[16:00:32] [Server thread/INFO]: Stopping server
[16:00:32] [Server thread/INFO]: Saving players
[16:00:32] [Server thread/INFO]: Saving worlds
[16:00:32] [Server thread/INFO]: Saving chunks for level 'New World'/Overworld
[16:00:32] [Server thread/INFO]: Saving chunks for level 'New World'/Nether
[16:00:32] [Server thread/INFO]: Saving chunks for level 'New World'/The End
[16:00:32] [Client Shutdown Thread/INFO]: Stopping server
[16:00:32] [Client Shutdown Thread/INFO]: Saving players
