[14:54:13] [main/INFO]: Setting user: Player390
[14:54:16] [Client thread/INFO]: LWJGL Version: 2.9.1
[14:54:28] [Client thread/INFO]: Reloading ResourceManager: Default, FMLFileResourcePack:Forge Mod Loader, FMLFileResourcePack:Minecraft Forge, FMLFileResourcePack:Ura Mod
[14:54:30] [Sound Library Loader/INFO]: Sound engine started
[14:54:33] [Client thread/INFO]: Created: 16x16 textures/blocks-atlas
[14:54:33] [Client thread/INFO]: Created: 16x16 textures/items-atlas
[14:54:33] [Client thread/INFO]: Reloading ResourceManager: Default, FMLFileResourcePack:Forge Mod Loader, FMLFileResourcePack:Minecraft Forge, FMLFileResourcePack:Ura Mod
[14:54:34] [Client thread/INFO]: Created: 512x512 textures/blocks-atlas
[14:54:35] [Client thread/INFO]: Created: 512x256 textures/items-atlas
[14:54:36] [Sound Library Loader/INFO]: Sound engine started
[14:54:47] [Server thread/INFO]: Starting integrated minecraft server version 1.7.10
[14:54:47] [Server thread/INFO]: Generating keypair
[14:54:48] [Server thread/INFO]: Preparing start region for level 0
[14:54:49] [Server thread/INFO]: Preparing spawn area: 9%
[14:54:50] [Server thread/INFO]: Changing view distance to 6, from 10
[14:54:50] [Server thread/INFO]: Player390[local:E:58e92d77] logged in with entity id 220 at (1000.9346131731784, 72.0, 10010.661272698326)
[14:54:50] [Server thread/INFO]: Player390 joined the game
[14:54:58] [Server thread/INFO]: Saving and pausing game...
[14:54:58] [Server thread/INFO]: Saving chunks for level 'New World'/Overworld
[14:54:58] [Server thread/INFO]: Saving chunks for level 'New World'/Nether
[14:54:58] [Server thread/INFO]: Saving chunks for level 'New World'/The End
[14:57:08] [Server thread/INFO]: Player390 has just earned the achievement [Taking Inventory]
[14:57:08] [Client thread/INFO]: [CHAT] Player390 has just earned the achievement [Taking Inventory]
[14:57:30] [Server thread/INFO]: Saving and pausing game...
[14:57:30] [Server thread/INFO]: Saving chunks for level 'New World'/Overworld
[14:57:30] [Server thread/INFO]: Saving chunks for level 'New World'/Nether
[14:57:30] [Server thread/INFO]: Saving chunks for level 'New World'/The End
[15:35:28] [Server thread/INFO]: Saving and pausing game...
[15:35:28] [Server thread/INFO]: Saving chunks for level 'New World'/Overworld
[15:35:28] [Server thread/INFO]: Saving chunks for level 'New World'/Nether
[15:35:28] [Server thread/INFO]: Saving chunks for level 'New World'/The End
[15:35:29] [Client thread/INFO]: Stopping!
[15:35:29] [Server thread/INFO]: Stopping server
[15:35:29] [Server thread/INFO]: Saving players
[15:35:29] [Server thread/INFO]: Saving worlds
[15:35:29] [Server thread/INFO]: Saving chunks for level 'New World'/Overworld
[15:35:29] [Server thread/INFO]: Saving chunks for level 'New World'/Nether
[15:35:29] [Server thread/INFO]: Saving chunks for level 'New World'/The End
