#
# A fatal error has been detected by the Java Runtime Environment:
#
#  EXCEPTION_ACCESS_VIOLATION (0xc0000005) at pc=0x0000000020be1066, pid=19120, tid=0x000000000000477c
#
# JRE version: Java(TM) SE Runtime Environment (8.0_251-b08) (build 1.8.0_251-b08)
# Java VM: Java HotSpot(TM) 64-Bit Server VM (25.251-b08 mixed mode windows-amd64 compressed oops)
# Problematic frame:
# C  [OpenAL64.dll+0x11066]
#
# Failed to write core dump. Minidumps are not enabled by default on client versions of Windows
#
# If you would like to submit a bug report, please visit:
#   http://bugreport.java.com/bugreport/crash.jsp
# The crash happened outside the Java Virtual Machine in native code.
# See problematic frame for where to report the bug.
#

---------------  T H R E A D  ---------------

Current thread (0x000000001e0c8800):  JavaThread "Thread-8" [_thread_in_native, id=18300, stack(0x0000000044550000,0x0000000044650000)]

siginfo: ExceptionCode=0xc0000005, reading address 0x000000001b9a3004

Registers:
RAX=0x0000000000000004, RBX=0x00000000449e0090, RCX=0x000000001b9a3008, RDX=0x000000001b9a3004
RSP=0x000000004464eb80, RBP=0x00000000000000ff, RSI=0x000000001b99d51c, RDI=0x0000000000000000
R8 =0x00000000000016ba, R9 =0x000000001b99d51c, R10=0x0000000002cf8c3b, R11=0x00000000602fd040
R12=0x0000000000000001, R13=0x00000000442bbc48, R14=0x000000004464ed18, R15=0x000000001e0c8800
RIP=0x0000000020be1066, EFLAGS=0x0000000000010202

Top of Stack: (sp=0x000000004464eb80)
0x000000004464eb80:   0000000000000000 000000006019e11b
0x000000004464eb90:   000000001e0c8800 000000001e0c8800
0x000000004464eba0:   00000000442bbc48 0000000000000000
0x000000004464ebb0:   000000001e0c8800 000000001b99bc40
0x000000004464ebc0:   00000000442bbc48 000000004464ed18
0x000000004464ebd0:   0000000041720150 000000006018c4a6
0x000000004464ebe0:   000000004464f388 0000000019b08840
0x000000004464ebf0:   000000001e0c8800 000000004464ed18
0x000000004464ec00:   00000000442bbc48 0000000000000000
0x000000004464ec10:   000000001b99d51c 000000008161a9a8
0x000000004464ec20:   000000004464ece0 0000000020be248f
0x000000004464ec30:   00000000449e0090 00000000449e0090
0x000000004464ec40:   000000000000ac44 0000000000000004
0x000000004464ec50:   0000000000000010 0000000002cf8c67
0x000000004464ec60:   00000000442bbc48 0000000002cf899d
0x000000004464ec70:   000000001e0c8800 00000000442bbc48 

Instructions: (pc=0x0000000020be1066)
0x0000000020be1046:   41 2b ec 81 3a 03 00 02 00 75 09 8b 01 89 84 24
0x0000000020be1056:   c8 00 00 00 49 83 c0 02 48 83 c1 08 4a 8d 14 86
0x0000000020be1066:   39 3a 75 af 4c 8d 84 24 c0 00 00 00 48 8d 15 d7
0x0000000020be1076:   2b 03 00 33 c9 e8 58 5f 00 00 b8 40 1f 00 00 4c 


Register to memory mapping:

RAX=0x0000000000000004 is an unknown value
RBX=0x00000000449e0090 is an unknown value
RCX=0x000000001b9a3008 is an unknown value
RDX=0x000000001b9a3004 is an unknown value
RSP=0x000000004464eb80 is pointing into the stack for thread: 0x000000001e0c8800
RBP=0x00000000000000ff is an unknown value
RSI=0x000000001b99d51c is an unknown value
RDI=0x0000000000000000 is an unknown value
R8 =0x00000000000016ba is an unknown value
R9 =0x000000001b99d51c is an unknown value
R10=0x0000000002cf8c3b is at code_begin+891 in an Interpreter codelet
method entry point (kind = native)  [0x0000000002cf88c0, 0x0000000002cf9280]  2496 bytes
R11=0x00000000602fd040 is an unknown value
R12=0x0000000000000001 is an unknown value
R13={method} {0x00000000442bbc50} 'nalcCreateContext' '(JJ)J' in 'org/lwjgl/openal/ALC10'
R14=0x000000004464ed18 is pointing into the stack for thread: 0x000000001e0c8800
R15=0x000000001e0c8800 is a thread


Stack: [0x0000000044550000,0x0000000044650000],  sp=0x000000004464eb80,  free space=1018k
Native frames: (J=compiled Java code, j=interpreted, Vv=VM code, C=native code)
C  [OpenAL64.dll+0x11066]
C  [OpenAL64.dll+0x1248f]
C  0x0000000002cf8c67

Java frames: (J=compiled Java code, j=interpreted, Vv=VM code)
j  org.lwjgl.openal.ALC10.nalcCreateContext(JJ)J+0
j  org.lwjgl.openal.ALC10.alcCreateContext(Lorg/lwjgl/openal/ALCdevice;Ljava/nio/IntBuffer;)Lorg/lwjgl/openal/ALCcontext;+8
j  org.lwjgl.openal.AL.init(Ljava/lang/String;IIZZ)V+69
j  org.lwjgl.openal.AL.create(Ljava/lang/String;IIZZ)V+227
j  org.lwjgl.openal.AL.create(Ljava/lang/String;IIZ)V+5
j  org.lwjgl.openal.AL.create()V+6
j  paulscode.sound.libraries.LibraryLWJGLOpenAL.init()V+2
j  paulscode.sound.SoundSystem.CommandNewLibrary(Ljava/lang/Class;)V+273
j  paulscode.sound.SoundSystem.CommandQueue(Lpaulscode/sound/CommandObject;)Z+1206
j  paulscode.sound.CommandThread.run()V+51
v  ~StubRoutines::call_stub

---------------  P R O C E S S  ---------------

Java Threads: ( => current thread )
  0x000000003ea32800 JavaThread "Thread-9" [_thread_blocked, id=16380, stack(0x0000000044650000,0x0000000044750000)]
=>0x000000001e0c8800 JavaThread "Thread-8" [_thread_in_native, id=18300, stack(0x0000000044550000,0x0000000044650000)]
  0x0000000037978800 JavaThread "Sound Library Loader" [_thread_blocked, id=14736, stack(0x000000002d500000,0x000000002d600000)]
  0x000000003b400800 JavaThread "Keep-Alive-Timer" daemon [_thread_blocked, id=12468, stack(0x0000000044450000,0x0000000044550000)]
  0x000000001d298800 JavaThread "LWJGL Timer" daemon [_thread_blocked, id=17816, stack(0x000000002d200000,0x000000002d300000)]
  0x000000001bda5800 JavaThread "Thread-6" [_thread_blocked, id=15324, stack(0x000000002d100000,0x000000002d200000)]
  0x000000001c054800 JavaThread "Java2D Disposer" daemon [_thread_blocked, id=15584, stack(0x0000000020400000,0x0000000020500000)]
  0x000000001badb800 JavaThread "Timer hack thread" daemon [_thread_blocked, id=5312, stack(0x000000001f2d0000,0x000000001f3d0000)]
  0x000000001f63e800 JavaThread "Snooper Timer" daemon [_thread_blocked, id=9668, stack(0x000000001da00000,0x000000001db00000)]
  0x0000000019b52000 JavaThread "Service Thread" daemon [_thread_blocked, id=3660, stack(0x000000001a7b0000,0x000000001a8b0000)]
  0x0000000019ac2000 JavaThread "C1 CompilerThread3" daemon [_thread_blocked, id=12116, stack(0x000000001a6b0000,0x000000001a7b0000)]
  0x0000000019abe000 JavaThread "C2 CompilerThread2" daemon [_thread_blocked, id=18576, stack(0x000000001a5b0000,0x000000001a6b0000)]
  0x0000000019ab8000 JavaThread "C2 CompilerThread1" daemon [_thread_blocked, id=7324, stack(0x000000001a4b0000,0x000000001a5b0000)]
  0x0000000019aaf800 JavaThread "C2 CompilerThread0" daemon [_thread_blocked, id=14432, stack(0x000000001a3b0000,0x000000001a4b0000)]
  0x0000000019aac800 JavaThread "Attach Listener" daemon [_thread_blocked, id=18356, stack(0x000000001a2b0000,0x000000001a3b0000)]
  0x0000000019aab000 JavaThread "Signal Dispatcher" daemon [_thread_blocked, id=2060, stack(0x000000001a1b0000,0x000000001a2b0000)]
  0x0000000002cdc000 JavaThread "Finalizer" daemon [_thread_blocked, id=15032, stack(0x0000000019f80000,0x000000001a080000)]
  0x0000000019aa0800 JavaThread "Reference Handler" daemon [_thread_blocked, id=1556, stack(0x0000000019e80000,0x0000000019f80000)]
  0x0000000002be5800 JavaThread "Client thread" [_thread_in_native, id=644, stack(0x0000000002a10000,0x0000000002b10000)]

Other Threads:
  0x0000000017c8a000 VMThread [stack: 0x0000000019980000,0x0000000019a80000] [id=1368]
  0x0000000019b66800 WatcherThread [stack: 0x000000001a8b0000,0x000000001a9b0000] [id=15808]

VM state:not at safepoint (normal execution)

VM Mutex/Monitor currently owned by a thread: None

heap address: 0x0000000081600000, size: 2026 MB, Compressed Oops mode: 32-bit
Narrow klass base: 0x0000000000000000, Narrow klass shift: 3
Compressed class space size: 1073741824 Address: 0x0000000100000000

Heap:
 PSYoungGen      total 153088K, used 70396K [0x00000000d5d00000, 0x00000000e2300000, 0x0000000100000000)
  eden space 115200K, 50% used [0x00000000d5d00000,0x00000000d963da00,0x00000000dcd80000)
  from space 37888K, 31% used [0x00000000dcd80000,0x00000000dd901658,0x00000000df280000)
  to   space 35840K, 0% used [0x00000000e0000000,0x00000000e0000000,0x00000000e2300000)
 ParOldGen       total 159232K, used 84171K [0x0000000081600000, 0x000000008b180000, 0x00000000d5d00000)
  object space 159232K, 52% used [0x0000000081600000,0x0000000086832cd0,0x000000008b180000)
 Metaspace       used 28538K, capacity 28791K, committed 29312K, reserved 1075200K
  class space    used 3559K, capacity 3646K, committed 3712K, reserved 1048576K

Card table byte_map: [0x00000000120a0000,0x00000000124a0000] byte_map_base: 0x0000000011c95000

Marking Bits: (ParMarkBitMap*) 0x00000000608faf90
 Begin Bits: [0x0000000012f50000, 0x0000000014ef8000)
 End Bits:   [0x0000000014ef8000, 0x0000000016ea0000)

Polling page: 0x0000000000f10000

CodeCache: size=245760Kb used=11452Kb max_used=11912Kb free=234307Kb
 bounds [0x0000000002ce0000, 0x00000000038a0000, 0x0000000011ce0000]
 total_blobs=3752 nmethods=3109 adapters=554
 compilation: enabled

Compilation events (10 events):
Event: 27.197 Thread 0x0000000019ac2000 3965       3       java.lang.String::format (16 bytes)
Event: 27.198 Thread 0x0000000019ac2000 nmethod 3965 0x0000000002eb04d0 code [0x0000000002eb0700, 0x0000000002eb12b8]
Event: 27.299 Thread 0x0000000019ac2000 3966       3       java.lang.ClassLoader::getResource (36 bytes)
Event: 27.300 Thread 0x0000000019ac2000 nmethod 3966 0x0000000002f79350 code [0x0000000002f79520, 0x0000000002f79b98]
Event: 27.320 Thread 0x0000000019aaf800 3967       4       java.util.regex.Matcher::group (112 bytes)
Event: 27.335 Thread 0x0000000019aaf800 nmethod 3967 0x0000000002ef0310 code [0x0000000002ef04a0, 0x0000000002ef0a18]
Event: 27.365 Thread 0x0000000019ac2000 3968       3       java.lang.Throwable::<init> (34 bytes)
Event: 27.365 Thread 0x0000000019ac2000 nmethod 3968 0x0000000002e2dcd0 code [0x0000000002e2de40, 0x0000000002e2e128]
Event: 27.376 Thread 0x0000000019ac2000 3969       3       java.lang.Exception::<init> (6 bytes)
Event: 27.377 Thread 0x0000000019ac2000 nmethod 3969 0x00000000032bb350 code [0x00000000032bb4c0, 0x00000000032bb808]

GC Heap History (10 events):
Event: 21.850 GC heap before
{Heap before GC invocations=28 (full 3):
 PSYoungGen      total 112128K, used 92987K [0x00000000d5d00000, 0x00000000de480000, 0x0000000100000000)
  eden space 90624K, 100% used [0x00000000d5d00000,0x00000000db580000,0x00000000db580000)
  from space 21504K, 10% used [0x00000000dcc00000,0x00000000dce4ecb0,0x00000000de100000)
  to   space 23040K, 0% used [0x00000000db580000,0x00000000db580000,0x00000000dcc00000)
 ParOldGen       total 159232K, used 76445K [0x0000000081600000, 0x000000008b180000, 0x00000000d5d00000)
  object space 159232K, 48% used [0x0000000081600000,0x00000000860a7650,0x000000008b180000)
 Metaspace       used 25108K, capacity 25365K, committed 25728K, reserved 1071104K
  class space    used 3074K, capacity 3149K, committed 3200K, reserved 1048576K
Event: 21.874 GC heap after
Heap after GC invocations=28 (full 3):
 PSYoungGen      total 113664K, used 21945K [0x00000000d5d00000, 0x00000000df980000, 0x0000000100000000)
  eden space 90624K, 0% used [0x00000000d5d00000,0x00000000d5d00000,0x00000000db580000)
  from space 23040K, 95% used [0x00000000db580000,0x00000000dcaee4f0,0x00000000dcc00000)
  to   space 26624K, 0% used [0x00000000ddf80000,0x00000000ddf80000,0x00000000df980000)
 ParOldGen       total 159232K, used 77118K [0x0000000081600000, 0x000000008b180000, 0x00000000d5d00000)
  object space 159232K, 48% used [0x0000000081600000,0x000000008614f998,0x000000008b180000)
 Metaspace       used 25108K, capacity 25365K, committed 25728K, reserved 1071104K
  class space    used 3074K, capacity 3149K, committed 3200K, reserved 1048576K
}
Event: 22.629 GC heap before
{Heap before GC invocations=29 (full 3):
 PSYoungGen      total 113664K, used 112569K [0x00000000d5d00000, 0x00000000df980000, 0x0000000100000000)
  eden space 90624K, 100% used [0x00000000d5d00000,0x00000000db580000,0x00000000db580000)
  from space 23040K, 95% used [0x00000000db580000,0x00000000dcaee4f0,0x00000000dcc00000)
  to   space 26624K, 0% used [0x00000000ddf80000,0x00000000ddf80000,0x00000000df980000)
 ParOldGen       total 159232K, used 77118K [0x0000000081600000, 0x000000008b180000, 0x00000000d5d00000)
  object space 159232K, 48% used [0x0000000081600000,0x000000008614f998,0x000000008b180000)
 Metaspace       used 25112K, capacity 25429K, committed 25728K, reserved 1071104K
  class space    used 3074K, capacity 3149K, committed 3200K, reserved 1048576K
Event: 22.648 GC heap after
Heap after GC invocations=29 (full 3):
 PSYoungGen      total 129536K, used 25300K [0x00000000d5d00000, 0x00000000dfe80000, 0x0000000100000000)
  eden space 102912K, 0% used [0x00000000d5d00000,0x00000000d5d00000,0x00000000dc180000)
  from space 26624K, 95% used [0x00000000ddf80000,0x00000000df8353a0,0x00000000df980000)
  to   space 30720K, 0% used [0x00000000dc180000,0x00000000dc180000,0x00000000ddf80000)
 ParOldGen       total 159232K, used 77126K [0x0000000081600000, 0x000000008b180000, 0x00000000d5d00000)
  object space 159232K, 48% used [0x0000000081600000,0x0000000086151998,0x000000008b180000)
 Metaspace       used 25112K, capacity 25429K, committed 25728K, reserved 1071104K
  class space    used 3074K, capacity 3149K, committed 3200K, reserved 1048576K
}
Event: 23.320 GC heap before
{Heap before GC invocations=30 (full 3):
 PSYoungGen      total 129536K, used 128212K [0x00000000d5d00000, 0x00000000dfe80000, 0x0000000100000000)
  eden space 102912K, 100% used [0x00000000d5d00000,0x00000000dc180000,0x00000000dc180000)
  from space 26624K, 95% used [0x00000000ddf80000,0x00000000df8353a0,0x00000000df980000)
  to   space 30720K, 0% used [0x00000000dc180000,0x00000000dc180000,0x00000000ddf80000)
 ParOldGen       total 159232K, used 77126K [0x0000000081600000, 0x000000008b180000, 0x00000000d5d00000)
  object space 159232K, 48% used [0x0000000081600000,0x0000000086151998,0x000000008b180000)
 Metaspace       used 25129K, capacity 25429K, committed 25728K, reserved 1071104K
  class space    used 3074K, capacity 3149K, committed 3200K, reserved 1048576K
Event: 23.332 GC heap after
Heap after GC invocations=30 (full 3):
 PSYoungGen      total 133632K, used 28272K [0x00000000d5d00000, 0x00000000e1480000, 0x0000000100000000)
  eden space 102912K, 0% used [0x00000000d5d00000,0x00000000d5d00000,0x00000000dc180000)
  from space 30720K, 92% used [0x00000000dc180000,0x00000000ddd1c380,0x00000000ddf80000)
  to   space 34816K, 0% used [0x00000000df280000,0x00000000df280000,0x00000000e1480000)
 ParOldGen       total 159232K, used 77126K [0x0000000081600000, 0x000000008b180000, 0x00000000d5d00000)
  object space 159232K, 48% used [0x0000000081600000,0x0000000086151998,0x000000008b180000)
 Metaspace       used 25129K, capacity 25429K, committed 25728K, reserved 1071104K
  class space    used 3074K, capacity 3149K, committed 3200K, reserved 1048576K
}
Event: 24.047 GC heap before
{Heap before GC invocations=31 (full 3):
 PSYoungGen      total 133632K, used 131184K [0x00000000d5d00000, 0x00000000e1480000, 0x0000000100000000)
  eden space 102912K, 100% used [0x00000000d5d00000,0x00000000dc180000,0x00000000dc180000)
  from space 30720K, 92% used [0x00000000dc180000,0x00000000ddd1c380,0x00000000ddf80000)
  to   space 34816K, 0% used [0x00000000df280000,0x00000000df280000,0x00000000e1480000)
 ParOldGen       total 159232K, used 77126K [0x0000000081600000, 0x000000008b180000, 0x00000000d5d00000)
  object space 159232K, 48% used [0x0000000081600000,0x0000000086151998,0x000000008b180000)
 Metaspace       used 25245K, capacity 25557K, committed 25856K, reserved 1071104K
  class space    used 3089K, capacity 3213K, committed 3328K, reserved 1048576K
Event: 24.064 GC heap after
Heap after GC invocations=31 (full 3):
 PSYoungGen      total 150016K, used 27023K [0x00000000d5d00000, 0x00000000e1b00000, 0x0000000100000000)
  eden space 115200K, 0% used [0x00000000d5d00000,0x00000000d5d00000,0x00000000dcd80000)
  from space 34816K, 77% used [0x00000000df280000,0x00000000e0ce3d38,0x00000000e1480000)
  to   space 37888K, 0% used [0x00000000dcd80000,0x00000000dcd80000,0x00000000df280000)
 ParOldGen       total 159232K, used 80860K [0x0000000081600000, 0x000000008b180000, 0x00000000d5d00000)
  object space 159232K, 50% used [0x0000000081600000,0x00000000864f7270,0x000000008b180000)
 Metaspace       used 25245K, capacity 25557K, committed 25856K, reserved 1071104K
  class space    used 3089K, capacity 3213K, committed 3328K, reserved 1048576K
}
Event: 26.008 GC heap before
{Heap before GC invocations=32 (full 3):
 PSYoungGen      total 150016K, used 142223K [0x00000000d5d00000, 0x00000000e1b00000, 0x0000000100000000)
  eden space 115200K, 100% used [0x00000000d5d00000,0x00000000dcd80000,0x00000000dcd80000)
  from space 34816K, 77% used [0x00000000df280000,0x00000000e0ce3d38,0x00000000e1480000)
  to   space 37888K, 0% used [0x00000000dcd80000,0x00000000dcd80000,0x00000000df280000)
 ParOldGen       total 159232K, used 80860K [0x0000000081600000, 0x000000008b180000, 0x00000000d5d00000)
  object space 159232K, 50% used [0x0000000081600000,0x00000000864f7270,0x000000008b180000)
 Metaspace       used 27520K, capacity 27843K, committed 28160K, reserved 1073152K
  class space    used 3388K, capacity 3480K, committed 3584K, reserved 1048576K
Event: 26.018 GC heap after
Heap after GC invocations=32 (full 3):
 PSYoungGen      total 153088K, used 11781K [0x00000000d5d00000, 0x00000000e2300000, 0x0000000100000000)
  eden space 115200K, 0% used [0x00000000d5d00000,0x00000000d5d00000,0x00000000dcd80000)
  from space 37888K, 31% used [0x00000000dcd80000,0x00000000dd901658,0x00000000df280000)
  to   space 35840K, 0% used [0x00000000e0000000,0x00000000e0000000,0x00000000e2300000)
 ParOldGen       total 159232K, used 84171K [0x0000000081600000, 0x000000008b180000, 0x00000000d5d00000)
  object space 159232K, 52% used [0x0000000081600000,0x0000000086832cd0,0x000000008b180000)
 Metaspace       used 27520K, capacity 27843K, committed 28160K, reserved 1073152K
  class space    used 3388K, capacity 3480K, committed 3584K, reserved 1048576K
}

Deoptimization events (10 events):
Event: 25.982 Thread 0x00000000418a2800 Uncommon trap: reason=bimorphic action=maybe_recompile pc=0x0000000003153e88 method=java.net.URL.<init>(Ljava/net/URL;Ljava/lang/String;Ljava/net/URLStreamHandler;)V @ 504
Event: 25.983 Thread 0x0000000002be5800 Uncommon trap: reason=class_check action=maybe_recompile pc=0x000000000319f4ac method=com.google.common.collect.AbstractMapBasedMultimap$WrappedCollection.refreshIfEmpty()V @ 40
Event: 25.993 Thread 0x00000000418a2800 Uncommon trap: reason=unstable_if action=reinterpret pc=0x0000000003792c9c method=java.lang.CharacterDataLatin1.digit(II)I @ 82
Event: 25.993 Thread 0x00000000418a2800 Uncommon trap: reason=unstable_if action=reinterpret pc=0x00000000033c6e54 method=java.lang.CharacterDataLatin1.digit(II)I @ 82
Event: 25.999 Thread 0x00000000418a2800 Uncommon trap: reason=unstable_if action=reinterpret pc=0x0000000003422fe0 method=java.net.URI.match(CJJ)Z @ 45
Event: 26.001 Thread 0x00000000418a2800 Uncommon trap: reason=unstable_if action=reinterpret pc=0x0000000003364f08 method=java.lang.ThreadLocal.get()Ljava/lang/Object; @ 11
Event: 26.002 Thread 0x00000000418a2800 Uncommon trap: reason=unstable_if action=reinterpret pc=0x000000000378e9e8 method=java.lang.AbstractStringBuilder.append(I)Ljava/lang/AbstractStringBuilder; @ 16
Event: 26.002 Thread 0x0000000002be5800 Uncommon trap: reason=class_check action=maybe_recompile pc=0x000000000314f704 method=cpw.mods.fml.common.asm.transformers.deobf.FMLDeobfuscatingRemapper.map(Ljava/lang/String;)Ljava/lang/String; @ 11
Event: 26.332 Thread 0x0000000002be5800 Uncommon trap: reason=unstable_if action=reinterpret pc=0x00000000035adab8 method=org.objectweb.asm.MethodWriter.visitVarInsn(II)V @ 270
Event: 26.487 Thread 0x0000000002be5800 Uncommon trap: reason=unstable_if action=reinterpret pc=0x000000000378fec8 method=net.minecraftforge.classloading.FluidIdTransformer.transform(Ljava/lang/String;Ljava/lang/String;[B)[B @ 125

Classes redefined (0 events):
No events

Internal exceptions (10 events):
Event: 27.379 Thread 0x000000001e0c8800 Exception <a 'org/lwjgl/LWJGLException'> (0x00000000d938dbd0) thrown at [C:\jenkins\workspace\8-2-build-windows-amd64-cygwin\jdk8u251\737\hotspot\src\share\vm\prims\jni.cpp, line 710]
Event: 27.380 Thread 0x000000001e0c8800 Exception <a 'org/lwjgl/LWJGLException'> (0x00000000d938e1a0) thrown at [C:\jenkins\workspace\8-2-build-windows-amd64-cygwin\jdk8u251\737\hotspot\src\share\vm\prims\jni.cpp, line 710]
Event: 27.380 Thread 0x000000001e0c8800 Exception <a 'org/lwjgl/LWJGLException'> (0x00000000d938e728) thrown at [C:\jenkins\workspace\8-2-build-windows-amd64-cygwin\jdk8u251\737\hotspot\src\share\vm\prims\jni.cpp, line 710]
Event: 27.380 Thread 0x000000001e0c8800 Exception <a 'org/lwjgl/LWJGLException'> (0x00000000d938edf8) thrown at [C:\jenkins\workspace\8-2-build-windows-amd64-cygwin\jdk8u251\737\hotspot\src\share\vm\prims\jni.cpp, line 710]
Event: 27.380 Thread 0x000000001e0c8800 Exception <a 'org/lwjgl/LWJGLException'> (0x00000000d938f4a0) thrown at [C:\jenkins\workspace\8-2-build-windows-amd64-cygwin\jdk8u251\737\hotspot\src\share\vm\prims\jni.cpp, line 710]
Event: 27.380 Thread 0x000000001e0c8800 Exception <a 'org/lwjgl/LWJGLException'> (0x00000000d938fb70) thrown at [C:\jenkins\workspace\8-2-build-windows-amd64-cygwin\jdk8u251\737\hotspot\src\share\vm\prims\jni.cpp, line 710]
Event: 27.380 Thread 0x000000001e0c8800 Exception <a 'org/lwjgl/LWJGLException'> (0x00000000d93901e8) thrown at [C:\jenkins\workspace\8-2-build-windows-amd64-cygwin\jdk8u251\737\hotspot\src\share\vm\prims\jni.cpp, line 710]
Event: 27.380 Thread 0x000000001e0c8800 Exception <a 'org/lwjgl/LWJGLException'> (0x00000000d9390728) thrown at [C:\jenkins\workspace\8-2-build-windows-amd64-cygwin\jdk8u251\737\hotspot\src\share\vm\prims\jni.cpp, line 710]
Event: 27.380 Thread 0x000000001e0c8800 Exception <a 'org/lwjgl/LWJGLException'> (0x00000000d9390d40) thrown at [C:\jenkins\workspace\8-2-build-windows-amd64-cygwin\jdk8u251\737\hotspot\src\share\vm\prims\jni.cpp, line 710]
Event: 27.382 Thread 0x000000001e0c8800 Exception <a 'org/lwjgl/LWJGLException'> (0x00000000d93912c8) thrown at [C:\jenkins\workspace\8-2-build-windows-amd64-cygwin\jdk8u251\737\hotspot\src\share\vm\prims\jni.cpp, line 710]

Events (10 events):
Event: 27.392 loading class org/lwjgl/openal/ALC10
Event: 27.392 loading class org/lwjgl/openal/ALC10 done
Event: 27.424 loading class org/lwjgl/openal/ALCdevice
Event: 27.424 loading class org/lwjgl/openal/ALCdevice done
Event: 27.428 loading class org/lwjgl/openal/ALCcontext
Event: 27.428 loading class org/lwjgl/openal/ALCcontext done
Event: 27.432 loading class org/lwjgl/openal/Util
Event: 27.432 loading class org/lwjgl/openal/Util done
Event: 27.435 loading class org/lwjgl/openal/OpenALException
Event: 27.435 loading class org/lwjgl/openal/OpenALException done


Dynamic libraries:
0x00007ff729f80000 - 0x00007ff729fb7000 	C:\Program Files\Java\jdk1.8.0_251\bin\java.exe
0x00007ffbdfb80000 - 0x00007ffbdfd70000 	C:\WINDOWS\SYSTEM32\ntdll.dll
0x00007ffbbe500000 - 0x00007ffbbe512000 	C:\Program Files\AVG\Antivirus\aswhook.dll
0x00007ffbddcc0000 - 0x00007ffbddd72000 	C:\WINDOWS\System32\KERNEL32.DLL
0x00007ffbdcdc0000 - 0x00007ffbdd064000 	C:\WINDOWS\System32\KERNELBASE.dll
0x00007ffbdedd0000 - 0x00007ffbdee73000 	C:\WINDOWS\System32\ADVAPI32.dll
0x00007ffbdefb0000 - 0x00007ffbdf04e000 	C:\WINDOWS\System32\msvcrt.dll
0x00007ffbdf6e0000 - 0x00007ffbdf777000 	C:\WINDOWS\System32\sechost.dll
0x00007ffbde0c0000 - 0x00007ffbde1e0000 	C:\WINDOWS\System32\RPCRT4.dll
0x00007ffbdec30000 - 0x00007ffbdedc5000 	C:\WINDOWS\System32\USER32.dll
0x00007ffbdcd90000 - 0x00007ffbdcdb1000 	C:\WINDOWS\System32\win32u.dll
0x00007ffbdf910000 - 0x00007ffbdf936000 	C:\WINDOWS\System32\GDI32.dll
0x00007ffbdd1c0000 - 0x00007ffbdd356000 	C:\WINDOWS\System32\gdi32full.dll
0x00007ffbdd380000 - 0x00007ffbdd41e000 	C:\WINDOWS\System32\msvcp_win.dll
0x00007ffbdcb00000 - 0x00007ffbdcbfa000 	C:\WINDOWS\System32\ucrtbase.dll
0x00007ffbb9210000 - 0x00007ffbb9494000 	C:\WINDOWS\WinSxS\amd64_microsoft.windows.common-controls_6595b64144ccf1df_6.0.18362.1016_none_9e7a36bbe461dae4\COMCTL32.dll
0x00007ffbddd80000 - 0x00007ffbde0b5000 	C:\WINDOWS\System32\combase.dll
0x00007ffbddbb0000 - 0x00007ffbddc30000 	C:\WINDOWS\System32\bcryptPrimitives.dll
0x00007ffbdfb10000 - 0x00007ffbdfb3e000 	C:\WINDOWS\System32\IMM32.DLL
0x00000000611a0000 - 0x0000000061272000 	C:\Program Files\Java\jdk1.8.0_251\jre\bin\msvcr100.dll
0x00000000600d0000 - 0x000000006097b000 	C:\Program Files\Java\jdk1.8.0_251\jre\bin\server\jvm.dll
0x00007ffbddc90000 - 0x00007ffbddc98000 	C:\WINDOWS\System32\PSAPI.DLL
0x00007ffbd2760000 - 0x00007ffbd2769000 	C:\WINDOWS\SYSTEM32\WSOCK32.dll
0x00007ffbdf940000 - 0x00007ffbdf9af000 	C:\WINDOWS\System32\WS2_32.dll
0x00007ffbd3b90000 - 0x00007ffbd3bb4000 	C:\WINDOWS\SYSTEM32\WINMM.dll
0x00007ffbd4c50000 - 0x00007ffbd4c5a000 	C:\WINDOWS\SYSTEM32\VERSION.dll
0x00007ffbd3940000 - 0x00007ffbd396d000 	C:\WINDOWS\SYSTEM32\WINMMBASE.dll
0x00007ffbdcc00000 - 0x00007ffbdcc4a000 	C:\WINDOWS\System32\cfgmgr32.dll
0x00007ffbd6af0000 - 0x00007ffbd6aff000 	C:\Program Files\Java\jdk1.8.0_251\jre\bin\verify.dll
0x00007ffbcfad0000 - 0x00007ffbcfaf9000 	C:\Program Files\Java\jdk1.8.0_251\jre\bin\java.dll
0x00007ffbd11e0000 - 0x00007ffbd11f6000 	C:\Program Files\Java\jdk1.8.0_251\jre\bin\zip.dll
0x00007ffbde1e0000 - 0x00007ffbde8c7000 	C:\WINDOWS\System32\SHELL32.dll
0x00007ffbdf860000 - 0x00007ffbdf909000 	C:\WINDOWS\System32\shcore.dll
0x00007ffbdd420000 - 0x00007ffbddba2000 	C:\WINDOWS\System32\windows.storage.dll
0x00007ffbdca80000 - 0x00007ffbdcaa3000 	C:\WINDOWS\System32\profapi.dll
0x00007ffbdcab0000 - 0x00007ffbdcafa000 	C:\WINDOWS\System32\powrprof.dll
0x00007ffbdca30000 - 0x00007ffbdca40000 	C:\WINDOWS\System32\UMPDC.dll
0x00007ffbddc30000 - 0x00007ffbddc82000 	C:\WINDOWS\System32\shlwapi.dll
0x00007ffbdca40000 - 0x00007ffbdca51000 	C:\WINDOWS\System32\kernel.appcore.dll
0x00007ffbdd360000 - 0x00007ffbdd377000 	C:\WINDOWS\System32\cryptsp.dll
0x00007ffbd6030000 - 0x00007ffbd603d000 	C:\Program Files\Java\jdk1.8.0_251\jre\bin\management.dll
0x00007ffbcf850000 - 0x00007ffbcf86a000 	C:\Program Files\Java\jdk1.8.0_251\jre\bin\net.dll
0x00007ffbdc290000 - 0x00007ffbdc2f7000 	C:\WINDOWS\system32\mswsock.dll
0x00007ffbcf830000 - 0x00007ffbcf842000 	C:\Program Files\Java\jdk1.8.0_251\jre\bin\nio.dll
0x00007ffbc7b20000 - 0x00007ffbc7b36000 	C:\WINDOWS\system32\napinsp.dll
0x00007ffbc7b00000 - 0x00007ffbc7b1a000 	C:\WINDOWS\system32\pnrpnsp.dll
0x00007ffbd87f0000 - 0x00007ffbd8805000 	C:\WINDOWS\system32\wshbth.dll
0x00007ffbd72d0000 - 0x00007ffbd72ec000 	C:\WINDOWS\system32\NLAapi.dll
0x00007ffbdbfa0000 - 0x00007ffbdbfda000 	C:\WINDOWS\SYSTEM32\IPHLPAPI.DLL
0x00007ffbdbfe0000 - 0x00007ffbdc0ab000 	C:\WINDOWS\SYSTEM32\DNSAPI.dll
0x00007ffbdf780000 - 0x00007ffbdf788000 	C:\WINDOWS\System32\NSI.dll
0x00007ffbc76e0000 - 0x00007ffbc76ee000 	C:\WINDOWS\System32\winrnr.dll
0x00007ffbd3110000 - 0x00007ffbd311a000 	C:\Windows\System32\rasadhlp.dll
0x00007ffbd5570000 - 0x00007ffbd55e7000 	C:\WINDOWS\System32\fwpuclnt.dll
0x00007ffbdcd60000 - 0x00007ffbdcd86000 	C:\WINDOWS\System32\bcrypt.dll
0x0000000180000000 - 0x0000000180051000 	C:\Users\Dylan\.gradle\caches\minecraft\net\minecraft\minecraft_natives\1.7.10\lwjgl64.dll
0x00007ffbc8d90000 - 0x00007ffbc8ee6000 	C:\WINDOWS\SYSTEM32\OPENGL32.dll
0x00007ffbd3470000 - 0x00007ffbd349c000 	C:\WINDOWS\SYSTEM32\GLU32.dll
0x00007ffbdb690000 - 0x00007ffbdb6b0000 	C:\WINDOWS\SYSTEM32\dxcore.dll
0x00007ffbdbe00000 - 0x00007ffbdbe33000 	C:\WINDOWS\system32\rsaenh.dll
0x00007ffbdc950000 - 0x00007ffbdc975000 	C:\WINDOWS\SYSTEM32\USERENV.dll
0x00007ffbdc460000 - 0x00007ffbdc46c000 	C:\WINDOWS\SYSTEM32\CRYPTBASE.dll
0x00007ffbd5d10000 - 0x00007ffbd5d26000 	C:\WINDOWS\SYSTEM32\dhcpcsvc6.DLL
0x00007ffbd62b0000 - 0x00007ffbd62cc000 	C:\WINDOWS\SYSTEM32\dhcpcsvc.DLL
0x00007ffb9e590000 - 0x00007ffb9e72a000 	C:\Program Files\Java\jdk1.8.0_251\jre\bin\awt.dll
0x00007ffbde8d0000 - 0x00007ffbde995000 	C:\WINDOWS\System32\OLEAUT32.dll
0x00007ffbda870000 - 0x00007ffbda8ff000 	C:\WINDOWS\SYSTEM32\apphelp.dll
0x00007ffbd84b0000 - 0x00007ffbd855e000 	C:\WINDOWS\SYSTEM32\mscms.dll
0x00007ffbd8490000 - 0x00007ffbd84a7000 	C:\WINDOWS\SYSTEM32\ColorAdapterClient.dll
0x00007ffbdee80000 - 0x00007ffbdef22000 	C:\WINDOWS\System32\clbcatq.dll
0x00007ffbd1680000 - 0x00007ffbd169a000 	C:\Windows\System32\Windows.Internal.Graphics.Display.DisplayColorManagement.dll
0x00007ffbda960000 - 0x00007ffbda9f9000 	C:\WINDOWS\system32\uxtheme.dll
0x00007ffbdf5a0000 - 0x00007ffbdf6d5000 	C:\WINDOWS\System32\MSCTF.dll
0x00007ffb723c0000 - 0x00007ffb7327f000 	C:\WINDOWS\System32\DriverStore\FileRepository\igdlh64.inf_amd64_1a33d2f73651d989\ig9icd64.dll
0x00007ffbd7b40000 - 0x00007ffbd7b53000 	C:\WINDOWS\SYSTEM32\WTSAPI32.dll
0x00007ffbdb720000 - 0x00007ffbdb80b000 	C:\WINDOWS\SYSTEM32\dxgi.dll
0x00007ffbdb050000 - 0x00007ffbdb07d000 	C:\WINDOWS\SYSTEM32\dwmapi.dll
0x00007ffbd4570000 - 0x00007ffbd460e000 	C:\WINDOWS\System32\TextInputFramework.dll
0x00007ffbd0af0000 - 0x00007ffbd0e1a000 	C:\WINDOWS\System32\CoreUIComponents.dll
0x00007ffbda660000 - 0x00007ffbda734000 	C:\WINDOWS\System32\CoreMessaging.dll
0x00007ffbdba80000 - 0x00007ffbdbab1000 	C:\WINDOWS\SYSTEM32\ntmarta.dll
0x00007ffbd8830000 - 0x00007ffbd8983000 	C:\WINDOWS\SYSTEM32\wintypes.dll
0x00007ffbce590000 - 0x00007ffbce836000 	C:\WINDOWS\System32\iertutil.dll
0x00007ffbc91a0000 - 0x00007ffbc91e3000 	C:\WINDOWS\SYSTEM32\icm32.dll
0x00007ffba7400000 - 0x00007ffba9195000 	C:\WINDOWS\System32\DriverStore\FileRepository\igdlh64.inf_amd64_1a33d2f73651d989\igc64.dll
0x0000000070a40000 - 0x0000000070adc000 	C:\Users\Dylan\.gradle\caches\minecraft\net\minecraft\minecraft_natives\1.7.10\avutil-ttv-51.dll
0x0000000065980000 - 0x00000000659d6000 	C:\Users\Dylan\.gradle\caches\minecraft\net\minecraft\minecraft_natives\1.7.10\swresample-ttv-0.dll
0x000000006eb80000 - 0x000000006ec50000 	C:\Users\Dylan\.gradle\caches\minecraft\net\minecraft\minecraft_natives\1.7.10\libmp3lame-ttv.dll
0x00007ffb71010000 - 0x00007ffb723b4000 	C:\Users\Dylan\.gradle\caches\minecraft\net\minecraft\minecraft_natives\1.7.10\libmfxsw64.dll
0x00007ffb9e460000 - 0x00007ffb9e58b000 	C:\Users\Dylan\.gradle\caches\minecraft\net\minecraft\minecraft_natives\1.7.10\twitchsdk.dll
0x00007ffbdf9b0000 - 0x00007ffbdfb07000 	C:\WINDOWS\System32\ole32.dll
0x00007ffbcc2e0000 - 0x00007ffbcc7b5000 	C:\WINDOWS\SYSTEM32\WININET.dll
0x0000000020bd0000 - 0x0000000020c34000 	C:\Users\Dylan\.gradle\caches\minecraft\net\minecraft\minecraft_natives\1.7.10\OpenAL64.dll
0x00007ffbd7560000 - 0x00007ffbd75d2000 	C:\WINDOWS\System32\MMDevApi.dll
0x00007ffbdc850000 - 0x00007ffbdc87a000 	C:\WINDOWS\System32\DEVOBJ.dll
0x00007ffbc8180000 - 0x00007ffbc8219000 	C:\WINDOWS\SYSTEM32\dsound.dll
0x00007ffbd7620000 - 0x00007ffbd777d000 	C:\WINDOWS\SYSTEM32\AUDIOSES.DLL
0x00007ffbdb420000 - 0x00007ffbdb614000 	C:\WINDOWS\SYSTEM32\dbghelp.dll

VM Arguments:
jvm_args: -Dfile.encoding=windows-1252 -Duser.country=FR -Duser.language=fr -Duser.variant 
java_command: GradleStart
java_class_path (initial): C:\Users\Dylan\.gradle\caches\minecraft\net\minecraftforge\forge\1.7.10-10.13.4.1558-1.7.10\start;C:\Users\Dylan\.gradle\caches\minecraft\net\minecraftforge\forge\1.7.10-10.13.4.1558-1.7.10\forgeSrc-1.7.10-10.13.4.1558-1.7.10.jar;C:\Users\Dylan\.gradle\caches\modules-2\files-2.1\net.minecraft\launchwrapper\1.12\111e7bea9c968cdb3d06ef4632bf7ff0824d0f36\launchwrapper-1.12.jar;C:\Users\Dylan\.gradle\caches\modules-2\files-2.1\com.google.code.findbugs\jsr305\1.3.9\40719ea6961c0cb6afaeb6a921eaa1f6afd4cfdf\jsr305-1.3.9.jar;C:\Users\Dylan\.gradle\caches\modules-2\files-2.1\org.ow2.asm\asm-debug-all\5.0.3\f9e364ae2a66ce2a543012a4668856e84e5dab74\asm-debug-all-5.0.3.jar;C:\Users\Dylan\.gradle\caches\modules-2\files-2.1\com.typesafe.akka\akka-actor_2.11\2.3.3\ed62e9fc709ca0f2ff1a3220daa8b70a2870078e\akka-actor_2.11-2.3.3.jar;C:\Users\Dylan\.gradle\caches\modules-2\files-2.1\com.typesafe\config\1.2.1\f771f71fdae3df231bcd54d5ca2d57f0bf93f467\config-1.2.1.jar;C:\Users\Dylan\.gradle\caches\modules-2\files-2.1\org.scala-lang\scala-actors-migration_2.11\1.1.0\dfa8bc42b181d5b9f1a5dd147f8ae308b893eb6f\scala-actors-migration_2.11-1.1.0.jar;C:\Users\Dylan\.gradle\caches\modules-2\files-2.1\org.scala-lang\scala-compiler\2.11.1\56ea2e6c025e0821f28d73ca271218b8dd04926a\scala-compiler-2.11.1.jar;C:\Users\Dylan\.gradle\caches\modules-2\files-2.1\org.scala-lang.plugins\scala-continuations-library_2.11\1.0.2\e517c53a7e9acd6b1668c5a35eccbaa3bab9aac\scala-continuations-library_2.11-1.0.2.jar;C:\Users\Dylan\.gradle\caches\modules-2\files-2.1\org.scala-lang.plugins\scala-continuations-plugin_2.11.1\1.0.2\f361a3283452c57fa30c1ee69448995de23c60f7\scala-continuations-plugin_2.11.1-1.0.2.jar;C:\Users\Dylan\.gradle\caches\modules-2\files-2.1\org.scala-lang\scala-library\2.11.1\e11da23da3eabab9f4777b9220e60d44c1aab6a\scala-library-2.11.1.jar;C:\Users\Dylan\.gradle\caches\modules-2\files-2.1\org.scala-lang\scala-parser-combinators_2.11\1.0.1\f05d7345bf5a58924f2837c6c1f4d73a9
Launcher Type: SUN_STANDARD

Environment Variables:
PATH=C:\Program Files (x86)\Common Files\Oracle\Java\javapath;C:\Program Files (x86)\Intel\iCLS Client\;C:\Program Files\Intel\iCLS Client\;C:\WINDOWS\system32;C:\WINDOWS;C:\WINDOWS\System32\Wbem;C:\WINDOWS\System32\WindowsPowerShell\v1.0\;C:\WINDOWS\System32\OpenSSH\;C:\Program Files (x86)\Intel\Intel(R) Management Engine Components\DAL;C:\Program Files\Intel\Intel(R) Management Engine Components\DAL;C:\Program Files (x86)\Intel\Intel(R) Management Engine Components\IPT;C:\Program Files\Intel\Intel(R) Management Engine Components\IPT;C:\Program Files\PuTTY\;C:\Users\Dylan\AppData\Local\Microsoft\WindowsApps;C:\Users\Dylan\AppData\Local\atom\bin
USERNAME=Dylan
OS=Windows_NT
PROCESSOR_IDENTIFIER=Intel64 Family 6 Model 142 Stepping 10, GenuineIntel



---------------  S Y S T E M  ---------------

OS: Windows 10.0 , 64 bit Build 18362 (10.0.18362.959)

CPU:total 8 (initial active 8) (4 cores per cpu, 2 threads per core) family 6 model 142 stepping 10, cmov, cx8, fxsr, mmx, sse, sse2, sse3, ssse3, sse4.1, sse4.2, popcnt, avx, avx2, aes, clmul, erms, 3dnowpref, lzcnt, ht, tsc, tscinvbit, bmi1, bmi2, adx

Memory: 4k page, physical 8295652k(1938088k free), swap 10393276k(1494240k free)

vm_info: Java HotSpot(TM) 64-Bit Server VM (25.251-b08) for windows-amd64 JRE (1.8.0_251-b08), built on Mar 12 2020 06:31:49 by "" with MS VC++ 10.0 (VS2010)

time: Mon Aug 31 15:46:15 2020
timezone: Paris, Madrid (heure d’été)
elapsed time: 27 seconds (0d 0h 0m 27s)

